app/build/intermediates/manifest_merge_blame_file/debug/processDebugMainManifest/manifest-merger-blame-debug-report.txt
1<?xml version="1.0" encoding="utf-8"?>
2<manifest xmlns:android="http://schemas.android.com/apk/res/android"
3    package="com.example.vegetarianrecipeseeker"
4    android:versionCode="1"
5    android:versionName="1.0" >
6
7    <uses-sdk
8        android:minSdkVersion="30"
9        android:targetSdkVersion="34" />
10
11    <uses-permission android:name="android.permission.WRITE_EXTERNAL_STORAGE" />
11-->src/main/AndroidManifest.xml:59:5-81
11-->src/main/AndroidManifest.xml:59:22-78
12    <uses-permission android:name="android.permission.READ_EXTERNAL_STORAGE" />
12-->src/main/AndroidManifest.xml:60:5-80
12-->src/main/AndroidManifest.xml:60:22-77
13    <uses-permission android:name="android.permission.SCHEDULE_EXACT_ALARM" />
13-->src/main/AndroidManifest.xml:62:5-78
13-->src/main/AndroidManifest.xml:62:22-76
14    <uses-permission android:name="android.permission.POST_NOTIFICATIONS" />
14-->src/main/AndroidManifest.xml:63:5-76
14-->src/main/AndroidManifest.xml:63:22-74
15
16    <permission
16-->[androidx.core:core:1.13.0] AndroidManifest.xml:22:5-24:47
17        android:name="com.example.vegetarianrecipeseeker.DYNAMIC_RECEIVER_NOT_EXPORTED_PERMISSION"
17-->[androidx.core:core:1.13.0] AndroidManifest.xml:23:9-81
18        android:protectionLevel="signature" />
18-->[androidx.core:core:1.13.0] AndroidManifest.xml:24:9-44
19
20    <uses-permission android:name="com.example.vegetarianrecipeseeker.DYNAMIC_RECEIVER_NOT_EXPORTED_PERMISSION" />
20-->[androidx.core:core:1.13.0] AndroidManifest.xml:26:5-97
20-->[androidx.core:core:1.13.0] AndroidManifest.xml:26:22-94
21
22    <application
22-->src/main/AndroidManifest.xml:5:5-57:19
23        android:allowBackup="true"
23-->src/main/AndroidManifest.xml:6:9-35
24        android:appComponentFactory="androidx.core.app.CoreComponentFactory"
24-->[androidx.core:core:1.13.0] AndroidManifest.xml:28:18-86
25        android:dataExtractionRules="@xml/data_extraction_rules"
25-->src/main/AndroidManifest.xml:7:9-65
26        android:debuggable="true"
27        android:extractNativeLibs="false"
28        android:fullBackupContent="@xml/backup_rules"
28-->src/main/AndroidManifest.xml:8:9-54
29        android:icon="@mipmap/ic_launcher"
29-->src/main/AndroidManifest.xml:9:9-43
30        android:label="@string/app_name"
30-->src/main/AndroidManifest.xml:10:9-41
31        android:roundIcon="@mipmap/ic_launcher_round"
31-->src/main/AndroidManifest.xml:11:9-54
32        android:supportsRtl="true"
32-->src/main/AndroidManifest.xml:12:9-35
33        android:testOnly="true"
34        android:theme="@style/Theme.VegetarianRecipeSeeker" >
34-->src/main/AndroidManifest.xml:13:9-60
35        <activity
35-->src/main/AndroidManifest.xml:15:9-18:61
36            android:name="com.example.vegetarianrecipeseeker.SignupActivity"
36-->src/main/AndroidManifest.xml:16:13-43
37            android:configChanges="orientation|screenSize"
37-->src/main/AndroidManifest.xml:18:13-59
38            android:exported="false" />
38-->src/main/AndroidManifest.xml:17:13-37
39        <activity
39-->src/main/AndroidManifest.xml:19:9-21:40
40            android:name="com.example.vegetarianrecipeseeker.spiceLevel"
40-->src/main/AndroidManifest.xml:20:13-39
41            android:exported="false" />
41-->src/main/AndroidManifest.xml:21:13-37
42        <activity
42-->src/main/AndroidManifest.xml:22:9-24:40
43            android:name="com.example.vegetarianrecipeseeker.quickRecipes"
43-->src/main/AndroidManifest.xml:23:13-41
44            android:exported="false" />
44-->src/main/AndroidManifest.xml:24:13-37
45        <activity
45-->src/main/AndroidManifest.xml:25:9-27:40
46            android:name="com.example.vegetarianrecipeseeker.recipesList"
46-->src/main/AndroidManifest.xml:26:13-40
47            android:exported="false" />
47-->src/main/AndroidManifest.xml:27:13-37
48        <activity
48-->src/main/AndroidManifest.xml:28:9-30:40
49            android:name="com.example.vegetarianrecipeseeker.settings"
49-->src/main/AndroidManifest.xml:29:13-37
50            android:exported="false" />
50-->src/main/AndroidManifest.xml:30:13-37
51        <activity
51-->src/main/AndroidManifest.xml:31:9-33:40
52            android:name="com.example.vegetarianrecipeseeker.Favourites"
52-->src/main/AndroidManifest.xml:32:13-39
53            android:exported="false" />
53-->src/main/AndroidManifest.xml:33:13-37
54        <activity
54-->src/main/AndroidManifest.xml:34:9-38:46
55            android:name="com.example.vegetarianrecipeseeker.RecipeDetailActivity"
55-->src/main/AndroidManifest.xml:35:13-49
56            android:configChanges="orientation|screenSize"
56-->src/main/AndroidManifest.xml:36:13-59
57            android:exported="false"
57-->src/main/AndroidManifest.xml:37:13-37
58            android:launchMode="singleTop" />
58-->src/main/AndroidManifest.xml:38:13-43
59        <activity
59-->src/main/AndroidManifest.xml:39:9-41:40
60            android:name="com.example.vegetarianrecipeseeker.SearchActivity"
60-->src/main/AndroidManifest.xml:40:13-43
61            android:exported="false" />
61-->src/main/AndroidManifest.xml:41:13-37
62        <activity
62-->src/main/AndroidManifest.xml:42:9-44:40
63            android:name="com.example.vegetarianrecipeseeker.homeScreen"
63-->src/main/AndroidManifest.xml:43:13-39
64            android:exported="false" />
64-->src/main/AndroidManifest.xml:44:13-37
65        <activity
65-->src/main/AndroidManifest.xml:45:9-53:20
66            android:name="com.example.vegetarianrecipeseeker.MainActivity"
66-->src/main/AndroidManifest.xml:46:13-41
67            android:exported="true" >
67-->src/main/AndroidManifest.xml:47:13-36
68            <intent-filter>
68-->src/main/AndroidManifest.xml:48:13-52:29
69                <action android:name="android.intent.action.MAIN" />
69-->src/main/AndroidManifest.xml:49:17-69
69-->src/main/AndroidManifest.xml:49:25-66
70
71                <category android:name="android.intent.category.LAUNCHER" />
71-->src/main/AndroidManifest.xml:51:17-77
71-->src/main/AndroidManifest.xml:51:27-74
72            </intent-filter>
73        </activity>
74
75        <receiver android:name="com.example.vegetarianrecipeseeker.DailyRecipeReceiver" />
75-->src/main/AndroidManifest.xml:55:9-57
75-->src/main/AndroidManifest.xml:55:19-54
76
77        <service
77-->[androidx.room:room-runtime:2.6.1] AndroidManifest.xml:24:9-28:63
78            android:name="androidx.room.MultiInstanceInvalidationService"
78-->[androidx.room:room-runtime:2.6.1] AndroidManifest.xml:25:13-74
79            android:directBootAware="true"
79-->[androidx.room:room-runtime:2.6.1] AndroidManifest.xml:26:13-43
80            android:exported="false" />
80-->[androidx.room:room-runtime:2.6.1] AndroidManifest.xml:27:13-37
81
82        <provider
82-->[androidx.emoji2:emoji2:1.3.0] AndroidManifest.xml:24:9-32:20
83            android:name="androidx.startup.InitializationProvider"
83-->[androidx.emoji2:emoji2:1.3.0] AndroidManifest.xml:25:13-67
84            android:authorities="com.example.vegetarianrecipeseeker.androidx-startup"
84-->[androidx.emoji2:emoji2:1.3.0] AndroidManifest.xml:26:13-68
85            android:exported="false" >
85-->[androidx.emoji2:emoji2:1.3.0] AndroidManifest.xml:27:13-37
86            <meta-data
86-->[androidx.emoji2:emoji2:1.3.0] AndroidManifest.xml:29:13-31:52
87                android:name="androidx.emoji2.text.EmojiCompatInitializer"
87-->[androidx.emoji2:emoji2:1.3.0] AndroidManifest.xml:30:17-75
88                android:value="androidx.startup" />
88-->[androidx.emoji2:emoji2:1.3.0] AndroidManifest.xml:31:17-49
89            <meta-data
89-->[androidx.lifecycle:lifecycle-process:2.7.0] AndroidManifest.xml:29:13-31:52
90                android:name="androidx.lifecycle.ProcessLifecycleInitializer"
90-->[androidx.lifecycle:lifecycle-process:2.7.0] AndroidManifest.xml:30:17-78
91                android:value="androidx.startup" />
91-->[androidx.lifecycle:lifecycle-process:2.7.0] AndroidManifest.xml:31:17-49
92            <meta-data
92-->[androidx.profileinstaller:profileinstaller:1.3.1] AndroidManifest.xml:29:13-31:52
93                android:name="androidx.profileinstaller.ProfileInstallerInitializer"
93-->[androidx.profileinstaller:profileinstaller:1.3.1] AndroidManifest.xml:30:17-85
94                android:value="androidx.startup" />
94-->[androidx.profileinstaller:profileinstaller:1.3.1] AndroidManifest.xml:31:17-49
95        </provider>
96
97        <receiver
97-->[androidx.profileinstaller:profileinstaller:1.3.1] AndroidManifest.xml:34:9-52:20
98            android:name="androidx.profileinstaller.ProfileInstallReceiver"
98-->[androidx.profileinstaller:profileinstaller:1.3.1] AndroidManifest.xml:35:13-76
99            android:directBootAware="false"
99-->[androidx.profileinstaller:profileinstaller:1.3.1] AndroidManifest.xml:36:13-44
100            android:enabled="true"
100-->[androidx.profileinstaller:profileinstaller:1.3.1] AndroidManifest.xml:37:13-35
101            android:exported="true"
101-->[androidx.profileinstaller:profileinstaller:1.3.1] AndroidManifest.xml:38:13-36
102            android:permission="android.permission.DUMP" >
102-->[androidx.profileinstaller:profileinstaller:1.3.1] AndroidManifest.xml:39:13-57
103            <intent-filter>
103-->[androidx.profileinstaller:profileinstaller:1.3.1] AndroidManifest.xml:40:13-42:29
104                <action android:name="androidx.profileinstaller.action.INSTALL_PROFILE" />
104-->[androidx.profileinstaller:profileinstaller:1.3.1] AndroidManifest.xml:41:17-91
104-->[androidx.profileinstaller:profileinstaller:1.3.1] AndroidManifest.xml:41:25-88
105            </intent-filter>
106            <intent-filter>
106-->[androidx.profileinstaller:profileinstaller:1.3.1] AndroidManifest.xml:43:13-45:29
107                <action android:name="androidx.profileinstaller.action.SKIP_FILE" />
107-->[androidx.profileinstaller:profileinstaller:1.3.1] AndroidManifest.xml:44:17-85
107-->[androidx.profileinstaller:profileinstaller:1.3.1] AndroidManifest.xml:44:25-82
108            </intent-filter>
109            <intent-filter>
109-->[androidx.profileinstaller:profileinstaller:1.3.1] AndroidManifest.xml:46:13-48:29
110                <action android:name="androidx.profileinstaller.action.SAVE_PROFILE" />
110-->[androidx.profileinstaller:profileinstaller:1.3.1] AndroidManifest.xml:47:17-88
110-->[androidx.profileinstaller:profileinstaller:1.3.1] AndroidManifest.xml:47:25-85
111            </intent-filter>
112            <intent-filter>
112-->[androidx.profileinstaller:profileinstaller:1.3.1] AndroidManifest.xml:49:13-51:29
113                <action android:name="androidx.profileinstaller.action.BENCHMARK_OPERATION" />
113-->[androidx.profileinstaller:profileinstaller:1.3.1] AndroidManifest.xml:50:17-95
113-->[androidx.profileinstaller:profileinstaller:1.3.1] AndroidManifest.xml:50:25-92
114            </intent-filter>
115        </receiver>
116    </application>
117
118</manifest>